2021-03-05 13:27:27 [127.0.0.1][-][b9l8d2p251ap1fvi9rpm223p34][error][yii\web\HttpException:404] exception 'yii\base\InvalidRouteException' with message 'Unable to resolve the request "entry".' in D:\OSPanel\domains\yiidiplom\vendor\yiisoft\yii2\base\Module.php:543
Stack trace:
#0 D:\OSPanel\domains\yiidiplom\vendor\yiisoft\yii2\web\Application.php(104): yii\base\Module->runAction('entry', Array)
#1 D:\OSPanel\domains\yiidiplom\vendor\yiisoft\yii2\base\Application.php(392): yii\web\Application->handleRequest(Object(yii\web\Request))
#2 D:\OSPanel\domains\yiidiplom\web\index.php(12): yii\base\Application->run()
#3 {main}

Next exception 'yii\web\NotFoundHttpException' with message 'Page not found.' in D:\OSPanel\domains\yiidiplom\vendor\yiisoft\yii2\web\Application.php:116
Stack trace:
#0 D:\OSPanel\domains\yiidiplom\vendor\yiisoft\yii2\base\Application.php(392): yii\web\Application->handleRequest(Object(yii\web\Request))
#1 D:\OSPanel\domains\yiidiplom\web\index.php(12): yii\base\Application->run()
#2 {main}
2021-03-05 13:27:27 [127.0.0.1][-][b9l8d2p251ap1fvi9rpm223p34][info][application] $_GET = [
    'r' => 'entry'
]

$_POST = []

$_FILES = []

$_COOKIE = [
    'PHPSESSID' => 'b9l8d2p251ap1fvi9rpm223p34'
    '_csrf' => '8c153e81d4b9a3e42ad733d9f644a53afa0565a745f7bcc61225bdf003276c83a:2:{i:0;s:5:\"_csrf\";i:1;s:32:\"ANU2g_53-su9YuYvBTiCHE9meSXCtmIf\";}'
]

$_SESSION = [
    '__flash' => []
    '__captcha/site/captcha' => 'waqulu'
    '__captcha/site/captchacount' => 1
]

$_SERVER = [
    'HTTP_HOST' => 'it-course.com'
    'HTTP_CONNECTION' => 'keep-alive'
    'HTTP_UPGRADE_INSECURE_REQUESTS' => '1'
    'HTTP_USER_AGENT' => 'Mozilla/5.0 (Windows NT 10.0; Win64; x64) AppleWebKit/537.36 (KHTML, like Gecko) Chrome/88.0.4324.190 Safari/537.36'
    'HTTP_ACCEPT' => 'text/html,application/xhtml+xml,application/xml;q=0.9,image/avif,image/webp,image/apng,*/*;q=0.8,application/signed-exchange;v=b3;q=0.9'
    'HTTP_ACCEPT_ENCODING' => 'gzip, deflate'
    'HTTP_ACCEPT_LANGUAGE' => 'ru-RU,ru;q=0.9,en-US;q=0.8,en;q=0.7'
    'HTTP_COOKIE' => 'PHPSESSID=b9l8d2p251ap1fvi9rpm223p34; _csrf=8c153e81d4b9a3e42ad733d9f644a53afa0565a745f7bcc61225bdf003276c83a%3A2%3A%7Bi%3A0%3Bs%3A5%3A%22_csrf%22%3Bi%3A1%3Bs%3A32%3A%22ANU2g_53-su9YuYvBTiCHE9meSXCtmIf%22%3B%7D'
    'PATH' => 'd:\\ospanel\\modules\\php\\PHP_5.6\\ext;d:\\ospanel\\modules\\php\\PHP_5.6\\pear;d:\\ospanel\\modules\\php\\PHP_5.6\\pear\\bin;d:\\ospanel\\modules\\php\\PHP_5.6;d:\\ospanel\\modules\\wget\\bin;d:\\ospanel\\modules\\git;d:\\ospanel\\modules\\git\\bin;d:\\ospanel\\modules\\git\\mingw\\bin;d:\\ospanel\\modules\\git\\cmd;d:\\ospanel\\modules\\database\\MySQL-5.7\\bin;d:\\ospanel\\modules\\http\\Apache_2.4-PHP_5.5-5.6\\bin;d:\\ospanel\\modules\\http\\Apache_2.4-PHP_5.5-5.6;C:\\WINDOWS\\system32;C:\\WINDOWS;C:\\WINDOWS\\system32\\Wbem;C:\\WINDOWS\\SysWOW64'
    'SystemRoot' => 'C:\\WINDOWS'
    'COMSPEC' => 'C:\\WINDOWS\\system32\\cmd.exe'
    'PATHEXT' => '.COM;.EXE;.BAT;.CMD;.VBS;.VBE;.JS;.JSE;.WSF;.WSH;.MSC'
    'WINDIR' => 'C:\\WINDOWS'
    'SERVER_SIGNATURE' => ''
    'SERVER_SOFTWARE' => 'Apache'
    'SERVER_NAME' => 'it-course.com'
    'SERVER_ADDR' => '127.0.0.1'
    'SERVER_PORT' => '80'
    'REMOTE_ADDR' => '127.0.0.1'
    'DOCUMENT_ROOT' => 'D:/OSPanel/domains/yiidiplom/web'
    'REQUEST_SCHEME' => 'http'
    'CONTEXT_PREFIX' => ''
    'CONTEXT_DOCUMENT_ROOT' => 'D:/OSPanel/domains/yiidiplom/web'
    'SERVER_ADMIN' => '[no address given]'
    'SCRIPT_FILENAME' => 'D:/OSPanel/domains/yiidiplom/web/index.php'
    'REMOTE_PORT' => '63198'
    'GATEWAY_INTERFACE' => 'CGI/1.1'
    'SERVER_PROTOCOL' => 'HTTP/1.1'
    'REQUEST_METHOD' => 'GET'
    'QUERY_STRING' => 'r=entry'
    'REQUEST_URI' => '/index.php?r=entry'
    'SCRIPT_NAME' => '/index.php'
    'PHP_SELF' => '/index.php'
    'REQUEST_TIME_FLOAT' => 1614940047.737
    'REQUEST_TIME' => 1614940047
    'argv' => [
        0 => 'r=entry'
    ]
    'argc' => 1
]
2021-03-05 13:28:13 [127.0.0.1][-][b9l8d2p251ap1fvi9rpm223p34][error][yii\web\HttpException:404] exception 'yii\base\InvalidRouteException' with message 'Unable to resolve the request "entry".' in D:\OSPanel\domains\yiidiplom\vendor\yiisoft\yii2\base\Module.php:543
Stack trace:
#0 D:\OSPanel\domains\yiidiplom\vendor\yiisoft\yii2\web\Application.php(104): yii\base\Module->runAction('entry', Array)
#1 D:\OSPanel\domains\yiidiplom\vendor\yiisoft\yii2\base\Application.php(392): yii\web\Application->handleRequest(Object(yii\web\Request))
#2 D:\OSPanel\domains\yiidiplom\web\index.php(12): yii\base\Application->run()
#3 {main}

Next exception 'yii\web\NotFoundHttpException' with message 'Page not found.' in D:\OSPanel\domains\yiidiplom\vendor\yiisoft\yii2\web\Application.php:116
Stack trace:
#0 D:\OSPanel\domains\yiidiplom\vendor\yiisoft\yii2\base\Application.php(392): yii\web\Application->handleRequest(Object(yii\web\Request))
#1 D:\OSPanel\domains\yiidiplom\web\index.php(12): yii\base\Application->run()
#2 {main}
2021-03-05 13:28:13 [127.0.0.1][-][b9l8d2p251ap1fvi9rpm223p34][info][application] $_GET = [
    'r' => 'entry'
]

$_POST = []

$_FILES = []

$_COOKIE = [
    'PHPSESSID' => 'b9l8d2p251ap1fvi9rpm223p34'
    '_csrf' => '8c153e81d4b9a3e42ad733d9f644a53afa0565a745f7bcc61225bdf003276c83a:2:{i:0;s:5:\"_csrf\";i:1;s:32:\"ANU2g_53-su9YuYvBTiCHE9meSXCtmIf\";}'
]

$_SESSION = [
    '__flash' => []
    '__captcha/site/captcha' => 'waqulu'
    '__captcha/site/captchacount' => 1
]

$_SERVER = [
    'HTTP_HOST' => 'it-course.com'
    'HTTP_CONNECTION' => 'keep-alive'
    'HTTP_CACHE_CONTROL' => 'max-age=0'
    'HTTP_UPGRADE_INSECURE_REQUESTS' => '1'
    'HTTP_USER_AGENT' => 'Mozilla/5.0 (Windows NT 10.0; Win64; x64) AppleWebKit/537.36 (KHTML, like Gecko) Chrome/88.0.4324.190 Safari/537.36'
    'HTTP_ACCEPT' => 'text/html,application/xhtml+xml,application/xml;q=0.9,image/avif,image/webp,image/apng,*/*;q=0.8,application/signed-exchange;v=b3;q=0.9'
    'HTTP_ACCEPT_ENCODING' => 'gzip, deflate'
    'HTTP_ACCEPT_LANGUAGE' => 'ru-RU,ru;q=0.9,en-US;q=0.8,en;q=0.7'
    'HTTP_COOKIE' => 'PHPSESSID=b9l8d2p251ap1fvi9rpm223p34; _csrf=8c153e81d4b9a3e42ad733d9f644a53afa0565a745f7bcc61225bdf003276c83a%3A2%3A%7Bi%3A0%3Bs%3A5%3A%22_csrf%22%3Bi%3A1%3Bs%3A32%3A%22ANU2g_53-su9YuYvBTiCHE9meSXCtmIf%22%3B%7D'
    'PATH' => 'd:\\ospanel\\modules\\php\\PHP_5.6\\ext;d:\\ospanel\\modules\\php\\PHP_5.6\\pear;d:\\ospanel\\modules\\php\\PHP_5.6\\pear\\bin;d:\\ospanel\\modules\\php\\PHP_5.6;d:\\ospanel\\modules\\wget\\bin;d:\\ospanel\\modules\\git;d:\\ospanel\\modules\\git\\bin;d:\\ospanel\\modules\\git\\mingw\\bin;d:\\ospanel\\modules\\git\\cmd;d:\\ospanel\\modules\\database\\MySQL-5.7\\bin;d:\\ospanel\\modules\\http\\Apache_2.4-PHP_5.5-5.6\\bin;d:\\ospanel\\modules\\http\\Apache_2.4-PHP_5.5-5.6;C:\\WINDOWS\\system32;C:\\WINDOWS;C:\\WINDOWS\\system32\\Wbem;C:\\WINDOWS\\SysWOW64'
    'SystemRoot' => 'C:\\WINDOWS'
    'COMSPEC' => 'C:\\WINDOWS\\system32\\cmd.exe'
    'PATHEXT' => '.COM;.EXE;.BAT;.CMD;.VBS;.VBE;.JS;.JSE;.WSF;.WSH;.MSC'
    'WINDIR' => 'C:\\WINDOWS'
    'SERVER_SIGNATURE' => ''
    'SERVER_SOFTWARE' => 'Apache'
    'SERVER_NAME' => 'it-course.com'
    'SERVER_ADDR' => '127.0.0.1'
    'SERVER_PORT' => '80'
    'REMOTE_ADDR' => '127.0.0.1'
    'DOCUMENT_ROOT' => 'D:/OSPanel/domains/yiidiplom/web'
    'REQUEST_SCHEME' => 'http'
    'CONTEXT_PREFIX' => ''
    'CONTEXT_DOCUMENT_ROOT' => 'D:/OSPanel/domains/yiidiplom/web'
    'SERVER_ADMIN' => '[no address given]'
    'SCRIPT_FILENAME' => 'D:/OSPanel/domains/yiidiplom/web/index.php'
    'REMOTE_PORT' => '63204'
    'GATEWAY_INTERFACE' => 'CGI/1.1'
    'SERVER_PROTOCOL' => 'HTTP/1.1'
    'REQUEST_METHOD' => 'GET'
    'QUERY_STRING' => 'r=entry'
    'REQUEST_URI' => '/index.php?r=entry'
    'SCRIPT_NAME' => '/index.php'
    'PHP_SELF' => '/index.php'
    'REQUEST_TIME_FLOAT' => 1614940093.79
    'REQUEST_TIME' => 1614940093
    'argv' => [
        0 => 'r=entry'
    ]
    'argc' => 1
]
2021-03-05 13:28:15 [127.0.0.1][-][b9l8d2p251ap1fvi9rpm223p34][error][yii\web\HttpException:404] exception 'yii\base\InvalidRouteException' with message 'Unable to resolve the request "entry".' in D:\OSPanel\domains\yiidiplom\vendor\yiisoft\yii2\base\Module.php:543
Stack trace:
#0 D:\OSPanel\domains\yiidiplom\vendor\yiisoft\yii2\web\Application.php(104): yii\base\Module->runAction('entry', Array)
#1 D:\OSPanel\domains\yiidiplom\vendor\yiisoft\yii2\base\Application.php(392): yii\web\Application->handleRequest(Object(yii\web\Request))
#2 D:\OSPanel\domains\yiidiplom\web\index.php(12): yii\base\Application->run()
#3 {main}

Next exception 'yii\web\NotFoundHttpException' with message 'Page not found.' in D:\OSPanel\domains\yiidiplom\vendor\yiisoft\yii2\web\Application.php:116
Stack trace:
#0 D:\OSPanel\domains\yiidiplom\vendor\yiisoft\yii2\base\Application.php(392): yii\web\Application->handleRequest(Object(yii\web\Request))
#1 D:\OSPanel\domains\yiidiplom\web\index.php(12): yii\base\Application->run()
#2 {main}
2021-03-05 13:28:15 [127.0.0.1][-][b9l8d2p251ap1fvi9rpm223p34][info][application] $_GET = [
    'r' => 'entry'
]

$_POST = []

$_FILES = []

$_COOKIE = [
    'PHPSESSID' => 'b9l8d2p251ap1fvi9rpm223p34'
    '_csrf' => '8c153e81d4b9a3e42ad733d9f644a53afa0565a745f7bcc61225bdf003276c83a:2:{i:0;s:5:\"_csrf\";i:1;s:32:\"ANU2g_53-su9YuYvBTiCHE9meSXCtmIf\";}'
]

$_SESSION = [
    '__flash' => []
    '__captcha/site/captcha' => 'waqulu'
    '__captcha/site/captchacount' => 1
]

$_SERVER = [
    'HTTP_HOST' => 'it-course.com'
    'HTTP_CONNECTION' => 'keep-alive'
    'HTTP_CACHE_CONTROL' => 'max-age=0'
    'HTTP_UPGRADE_INSECURE_REQUESTS' => '1'
    'HTTP_USER_AGENT' => 'Mozilla/5.0 (Windows NT 10.0; Win64; x64) AppleWebKit/537.36 (KHTML, like Gecko) Chrome/88.0.4324.190 Safari/537.36'
    'HTTP_ACCEPT' => 'text/html,application/xhtml+xml,application/xml;q=0.9,image/avif,image/webp,image/apng,*/*;q=0.8,application/signed-exchange;v=b3;q=0.9'
    'HTTP_ACCEPT_ENCODING' => 'gzip, deflate'
    'HTTP_ACCEPT_LANGUAGE' => 'ru-RU,ru;q=0.9,en-US;q=0.8,en;q=0.7'
    'HTTP_COOKIE' => 'PHPSESSID=b9l8d2p251ap1fvi9rpm223p34; _csrf=8c153e81d4b9a3e42ad733d9f644a53afa0565a745f7bcc61225bdf003276c83a%3A2%3A%7Bi%3A0%3Bs%3A5%3A%22_csrf%22%3Bi%3A1%3Bs%3A32%3A%22ANU2g_53-su9YuYvBTiCHE9meSXCtmIf%22%3B%7D'
    'PATH' => 'd:\\ospanel\\modules\\php\\PHP_5.6\\ext;d:\\ospanel\\modules\\php\\PHP_5.6\\pear;d:\\ospanel\\modules\\php\\PHP_5.6\\pear\\bin;d:\\ospanel\\modules\\php\\PHP_5.6;d:\\ospanel\\modules\\wget\\bin;d:\\ospanel\\modules\\git;d:\\ospanel\\modules\\git\\bin;d:\\ospanel\\modules\\git\\mingw\\bin;d:\\ospanel\\modules\\git\\cmd;d:\\ospanel\\modules\\database\\MySQL-5.7\\bin;d:\\ospanel\\modules\\http\\Apache_2.4-PHP_5.5-5.6\\bin;d:\\ospanel\\modules\\http\\Apache_2.4-PHP_5.5-5.6;C:\\WINDOWS\\system32;C:\\WINDOWS;C:\\WINDOWS\\system32\\Wbem;C:\\WINDOWS\\SysWOW64'
    'SystemRoot' => 'C:\\WINDOWS'
    'COMSPEC' => 'C:\\WINDOWS\\system32\\cmd.exe'
    'PATHEXT' => '.COM;.EXE;.BAT;.CMD;.VBS;.VBE;.JS;.JSE;.WSF;.WSH;.MSC'
    'WINDIR' => 'C:\\WINDOWS'
    'SERVER_SIGNATURE' => ''
    'SERVER_SOFTWARE' => 'Apache'
    'SERVER_NAME' => 'it-course.com'
    'SERVER_ADDR' => '127.0.0.1'
    'SERVER_PORT' => '80'
    'REMOTE_ADDR' => '127.0.0.1'
    'DOCUMENT_ROOT' => 'D:/OSPanel/domains/yiidiplom/web'
    'REQUEST_SCHEME' => 'http'
    'CONTEXT_PREFIX' => ''
    'CONTEXT_DOCUMENT_ROOT' => 'D:/OSPanel/domains/yiidiplom/web'
    'SERVER_ADMIN' => '[no address given]'
    'SCRIPT_FILENAME' => 'D:/OSPanel/domains/yiidiplom/web/index.php'
    'REMOTE_PORT' => '63204'
    'GATEWAY_INTERFACE' => 'CGI/1.1'
    'SERVER_PROTOCOL' => 'HTTP/1.1'
    'REQUEST_METHOD' => 'GET'
    'QUERY_STRING' => 'r=entry'
    'REQUEST_URI' => '/index.php?r=entry'
    'SCRIPT_NAME' => '/index.php'
    'PHP_SELF' => '/index.php'
    'REQUEST_TIME_FLOAT' => 1614940095.348
    'REQUEST_TIME' => 1614940095
    'argv' => [
        0 => 'r=entry'
    ]
    'argc' => 1
]
2021-03-05 13:29:56 [127.0.0.1][-][b9l8d2p251ap1fvi9rpm223p34][error][yii\web\HttpException:404] exception 'yii\base\InvalidRouteException' with message 'Unable to resolve the request "entry".' in D:\OSPanel\domains\yiidiplom\vendor\yiisoft\yii2\base\Module.php:543
Stack trace:
#0 D:\OSPanel\domains\yiidiplom\vendor\yiisoft\yii2\web\Application.php(104): yii\base\Module->runAction('entry', Array)
#1 D:\OSPanel\domains\yiidiplom\vendor\yiisoft\yii2\base\Application.php(392): yii\web\Application->handleRequest(Object(yii\web\Request))
#2 D:\OSPanel\domains\yiidiplom\web\index.php(12): yii\base\Application->run()
#3 {main}

Next exception 'yii\web\NotFoundHttpException' with message 'Page not found.' in D:\OSPanel\domains\yiidiplom\vendor\yiisoft\yii2\web\Application.php:116
Stack trace:
#0 D:\OSPanel\domains\yiidiplom\vendor\yiisoft\yii2\base\Application.php(392): yii\web\Application->handleRequest(Object(yii\web\Request))
#1 D:\OSPanel\domains\yiidiplom\web\index.php(12): yii\base\Application->run()
#2 {main}
2021-03-05 13:29:55 [127.0.0.1][-][b9l8d2p251ap1fvi9rpm223p34][info][application] $_GET = [
    'r' => 'entry'
]

$_POST = []

$_FILES = []

$_COOKIE = [
    'PHPSESSID' => 'b9l8d2p251ap1fvi9rpm223p34'
    '_csrf' => '8c153e81d4b9a3e42ad733d9f644a53afa0565a745f7bcc61225bdf003276c83a:2:{i:0;s:5:\"_csrf\";i:1;s:32:\"ANU2g_53-su9YuYvBTiCHE9meSXCtmIf\";}'
]

$_SESSION = [
    '__flash' => []
    '__captcha/site/captcha' => 'waqulu'
    '__captcha/site/captchacount' => 1
]

$_SERVER = [
    'HTTP_HOST' => 'it-course.com'
    'HTTP_CONNECTION' => 'keep-alive'
    'HTTP_CACHE_CONTROL' => 'max-age=0'
    'HTTP_UPGRADE_INSECURE_REQUESTS' => '1'
    'HTTP_USER_AGENT' => 'Mozilla/5.0 (Windows NT 10.0; Win64; x64) AppleWebKit/537.36 (KHTML, like Gecko) Chrome/88.0.4324.190 Safari/537.36'
    'HTTP_ACCEPT' => 'text/html,application/xhtml+xml,application/xml;q=0.9,image/avif,image/webp,image/apng,*/*;q=0.8,application/signed-exchange;v=b3;q=0.9'
    'HTTP_ACCEPT_ENCODING' => 'gzip, deflate'
    'HTTP_ACCEPT_LANGUAGE' => 'ru-RU,ru;q=0.9,en-US;q=0.8,en;q=0.7'
    'HTTP_COOKIE' => 'PHPSESSID=b9l8d2p251ap1fvi9rpm223p34; _csrf=8c153e81d4b9a3e42ad733d9f644a53afa0565a745f7bcc61225bdf003276c83a%3A2%3A%7Bi%3A0%3Bs%3A5%3A%22_csrf%22%3Bi%3A1%3Bs%3A32%3A%22ANU2g_53-su9YuYvBTiCHE9meSXCtmIf%22%3B%7D'
    'PATH' => 'd:\\ospanel\\modules\\php\\PHP_5.6\\ext;d:\\ospanel\\modules\\php\\PHP_5.6\\pear;d:\\ospanel\\modules\\php\\PHP_5.6\\pear\\bin;d:\\ospanel\\modules\\php\\PHP_5.6;d:\\ospanel\\modules\\wget\\bin;d:\\ospanel\\modules\\git;d:\\ospanel\\modules\\git\\bin;d:\\ospanel\\modules\\git\\mingw\\bin;d:\\ospanel\\modules\\git\\cmd;d:\\ospanel\\modules\\database\\MySQL-5.7\\bin;d:\\ospanel\\modules\\http\\Apache_2.4-PHP_5.5-5.6\\bin;d:\\ospanel\\modules\\http\\Apache_2.4-PHP_5.5-5.6;C:\\WINDOWS\\system32;C:\\WINDOWS;C:\\WINDOWS\\system32\\Wbem;C:\\WINDOWS\\SysWOW64'
    'SystemRoot' => 'C:\\WINDOWS'
    'COMSPEC' => 'C:\\WINDOWS\\system32\\cmd.exe'
    'PATHEXT' => '.COM;.EXE;.BAT;.CMD;.VBS;.VBE;.JS;.JSE;.WSF;.WSH;.MSC'
    'WINDIR' => 'C:\\WINDOWS'
    'SERVER_SIGNATURE' => ''
    'SERVER_SOFTWARE' => 'Apache'
    'SERVER_NAME' => 'it-course.com'
    'SERVER_ADDR' => '127.0.0.1'
    'SERVER_PORT' => '80'
    'REMOTE_ADDR' => '127.0.0.1'
    'DOCUMENT_ROOT' => 'D:/OSPanel/domains/yiidiplom/web'
    'REQUEST_SCHEME' => 'http'
    'CONTEXT_PREFIX' => ''
    'CONTEXT_DOCUMENT_ROOT' => 'D:/OSPanel/domains/yiidiplom/web'
    'SERVER_ADMIN' => '[no address given]'
    'SCRIPT_FILENAME' => 'D:/OSPanel/domains/yiidiplom/web/index.php'
    'REMOTE_PORT' => '63210'
    'GATEWAY_INTERFACE' => 'CGI/1.1'
    'SERVER_PROTOCOL' => 'HTTP/1.1'
    'REQUEST_METHOD' => 'GET'
    'QUERY_STRING' => 'r=entry'
    'REQUEST_URI' => '/index.php?r=entry'
    'SCRIPT_NAME' => '/index.php'
    'PHP_SELF' => '/index.php'
    'REQUEST_TIME_FLOAT' => 1614940195.882
    'REQUEST_TIME' => 1614940195
    'argv' => [
        0 => 'r=entry'
    ]
    'argc' => 1
]
2021-03-05 13:29:57 [127.0.0.1][-][b9l8d2p251ap1fvi9rpm223p34][error][yii\web\HttpException:404] exception 'yii\base\InvalidRouteException' with message 'Unable to resolve the request "entry".' in D:\OSPanel\domains\yiidiplom\vendor\yiisoft\yii2\base\Module.php:543
Stack trace:
#0 D:\OSPanel\domains\yiidiplom\vendor\yiisoft\yii2\web\Application.php(104): yii\base\Module->runAction('entry', Array)
#1 D:\OSPanel\domains\yiidiplom\vendor\yiisoft\yii2\base\Application.php(392): yii\web\Application->handleRequest(Object(yii\web\Request))
#2 D:\OSPanel\domains\yiidiplom\web\index.php(12): yii\base\Application->run()
#3 {main}

Next exception 'yii\web\NotFoundHttpException' with message 'Page not found.' in D:\OSPanel\domains\yiidiplom\vendor\yiisoft\yii2\web\Application.php:116
Stack trace:
#0 D:\OSPanel\domains\yiidiplom\vendor\yiisoft\yii2\base\Application.php(392): yii\web\Application->handleRequest(Object(yii\web\Request))
#1 D:\OSPanel\domains\yiidiplom\web\index.php(12): yii\base\Application->run()
#2 {main}
2021-03-05 13:29:57 [127.0.0.1][-][b9l8d2p251ap1fvi9rpm223p34][info][application] $_GET = [
    'r' => 'entry'
]

$_POST = []

$_FILES = []

$_COOKIE = [
    'PHPSESSID' => 'b9l8d2p251ap1fvi9rpm223p34'
    '_csrf' => '8c153e81d4b9a3e42ad733d9f644a53afa0565a745f7bcc61225bdf003276c83a:2:{i:0;s:5:\"_csrf\";i:1;s:32:\"ANU2g_53-su9YuYvBTiCHE9meSXCtmIf\";}'
]

$_SESSION = [
    '__flash' => []
    '__captcha/site/captcha' => 'waqulu'
    '__captcha/site/captchacount' => 1
]

$_SERVER = [
    'HTTP_HOST' => 'it-course.com'
    'HTTP_CONNECTION' => 'keep-alive'
    'HTTP_CACHE_CONTROL' => 'max-age=0'
    'HTTP_UPGRADE_INSECURE_REQUESTS' => '1'
    'HTTP_USER_AGENT' => 'Mozilla/5.0 (Windows NT 10.0; Win64; x64) AppleWebKit/537.36 (KHTML, like Gecko) Chrome/88.0.4324.190 Safari/537.36'
    'HTTP_ACCEPT' => 'text/html,application/xhtml+xml,application/xml;q=0.9,image/avif,image/webp,image/apng,*/*;q=0.8,application/signed-exchange;v=b3;q=0.9'
    'HTTP_ACCEPT_ENCODING' => 'gzip, deflate'
    'HTTP_ACCEPT_LANGUAGE' => 'ru-RU,ru;q=0.9,en-US;q=0.8,en;q=0.7'
    'HTTP_COOKIE' => 'PHPSESSID=b9l8d2p251ap1fvi9rpm223p34; _csrf=8c153e81d4b9a3e42ad733d9f644a53afa0565a745f7bcc61225bdf003276c83a%3A2%3A%7Bi%3A0%3Bs%3A5%3A%22_csrf%22%3Bi%3A1%3Bs%3A32%3A%22ANU2g_53-su9YuYvBTiCHE9meSXCtmIf%22%3B%7D'
    'PATH' => 'd:\\ospanel\\modules\\php\\PHP_5.6\\ext;d:\\ospanel\\modules\\php\\PHP_5.6\\pear;d:\\ospanel\\modules\\php\\PHP_5.6\\pear\\bin;d:\\ospanel\\modules\\php\\PHP_5.6;d:\\ospanel\\modules\\wget\\bin;d:\\ospanel\\modules\\git;d:\\ospanel\\modules\\git\\bin;d:\\ospanel\\modules\\git\\mingw\\bin;d:\\ospanel\\modules\\git\\cmd;d:\\ospanel\\modules\\database\\MySQL-5.7\\bin;d:\\ospanel\\modules\\http\\Apache_2.4-PHP_5.5-5.6\\bin;d:\\ospanel\\modules\\http\\Apache_2.4-PHP_5.5-5.6;C:\\WINDOWS\\system32;C:\\WINDOWS;C:\\WINDOWS\\system32\\Wbem;C:\\WINDOWS\\SysWOW64'
    'SystemRoot' => 'C:\\WINDOWS'
    'COMSPEC' => 'C:\\WINDOWS\\system32\\cmd.exe'
    'PATHEXT' => '.COM;.EXE;.BAT;.CMD;.VBS;.VBE;.JS;.JSE;.WSF;.WSH;.MSC'
    'WINDIR' => 'C:\\WINDOWS'
    'SERVER_SIGNATURE' => ''
    'SERVER_SOFTWARE' => 'Apache'
    'SERVER_NAME' => 'it-course.com'
    'SERVER_ADDR' => '127.0.0.1'
    'SERVER_PORT' => '80'
    'REMOTE_ADDR' => '127.0.0.1'
    'DOCUMENT_ROOT' => 'D:/OSPanel/domains/yiidiplom/web'
    'REQUEST_SCHEME' => 'http'
    'CONTEXT_PREFIX' => ''
    'CONTEXT_DOCUMENT_ROOT' => 'D:/OSPanel/domains/yiidiplom/web'
    'SERVER_ADMIN' => '[no address given]'
    'SCRIPT_FILENAME' => 'D:/OSPanel/domains/yiidiplom/web/index.php'
    'REMOTE_PORT' => '63211'
    'GATEWAY_INTERFACE' => 'CGI/1.1'
    'SERVER_PROTOCOL' => 'HTTP/1.1'
    'REQUEST_METHOD' => 'GET'
    'QUERY_STRING' => 'r=entry'
    'REQUEST_URI' => '/index.php?r=entry'
    'SCRIPT_NAME' => '/index.php'
    'PHP_SELF' => '/index.php'
    'REQUEST_TIME_FLOAT' => 1614940197.205
    'REQUEST_TIME' => 1614940197
    'argv' => [
        0 => 'r=entry'
    ]
    'argc' => 1
]
2021-03-05 13:30:31 [127.0.0.1][-][b9l8d2p251ap1fvi9rpm223p34][error][yii\base\ErrorException:4] exception 'yii\base\ErrorException' with message 'syntax error, unexpected '=>' (T_DOUBLE_ARROW)' in D:\OSPanel\domains\yiidiplom\views\site\entry.php:12
Stack trace:
#0 [internal function]: yii\base\ErrorHandler->handleFatalError()
#1 {main}
2021-03-05 13:30:31 [127.0.0.1][-][b9l8d2p251ap1fvi9rpm223p34][info][application] $_GET = [
    'r' => 'site/entry'
]

$_POST = []

$_FILES = []

$_COOKIE = [
    'PHPSESSID' => 'b9l8d2p251ap1fvi9rpm223p34'
    '_csrf' => '8c153e81d4b9a3e42ad733d9f644a53afa0565a745f7bcc61225bdf003276c83a:2:{i:0;s:5:\"_csrf\";i:1;s:32:\"ANU2g_53-su9YuYvBTiCHE9meSXCtmIf\";}'
]

$_SESSION = [
    '__flash' => []
    '__captcha/site/captcha' => 'waqulu'
    '__captcha/site/captchacount' => 1
]

$_SERVER = [
    'HTTP_HOST' => 'it-course.com'
    'HTTP_CONNECTION' => 'keep-alive'
    'HTTP_UPGRADE_INSECURE_REQUESTS' => '1'
    'HTTP_USER_AGENT' => 'Mozilla/5.0 (Windows NT 10.0; Win64; x64) AppleWebKit/537.36 (KHTML, like Gecko) Chrome/88.0.4324.190 Safari/537.36'
    'HTTP_ACCEPT' => 'text/html,application/xhtml+xml,application/xml;q=0.9,image/avif,image/webp,image/apng,*/*;q=0.8,application/signed-exchange;v=b3;q=0.9'
    'HTTP_ACCEPT_ENCODING' => 'gzip, deflate'
    'HTTP_ACCEPT_LANGUAGE' => 'ru-RU,ru;q=0.9,en-US;q=0.8,en;q=0.7'
    'HTTP_COOKIE' => 'PHPSESSID=b9l8d2p251ap1fvi9rpm223p34; _csrf=8c153e81d4b9a3e42ad733d9f644a53afa0565a745f7bcc61225bdf003276c83a%3A2%3A%7Bi%3A0%3Bs%3A5%3A%22_csrf%22%3Bi%3A1%3Bs%3A32%3A%22ANU2g_53-su9YuYvBTiCHE9meSXCtmIf%22%3B%7D'
    'PATH' => 'd:\\ospanel\\modules\\php\\PHP_5.6\\ext;d:\\ospanel\\modules\\php\\PHP_5.6\\pear;d:\\ospanel\\modules\\php\\PHP_5.6\\pear\\bin;d:\\ospanel\\modules\\php\\PHP_5.6;d:\\ospanel\\modules\\wget\\bin;d:\\ospanel\\modules\\git;d:\\ospanel\\modules\\git\\bin;d:\\ospanel\\modules\\git\\mingw\\bin;d:\\ospanel\\modules\\git\\cmd;d:\\ospanel\\modules\\database\\MySQL-5.7\\bin;d:\\ospanel\\modules\\http\\Apache_2.4-PHP_5.5-5.6\\bin;d:\\ospanel\\modules\\http\\Apache_2.4-PHP_5.5-5.6;C:\\WINDOWS\\system32;C:\\WINDOWS;C:\\WINDOWS\\system32\\Wbem;C:\\WINDOWS\\SysWOW64'
    'SystemRoot' => 'C:\\WINDOWS'
    'COMSPEC' => 'C:\\WINDOWS\\system32\\cmd.exe'
    'PATHEXT' => '.COM;.EXE;.BAT;.CMD;.VBS;.VBE;.JS;.JSE;.WSF;.WSH;.MSC'
    'WINDIR' => 'C:\\WINDOWS'
    'SERVER_SIGNATURE' => ''
    'SERVER_SOFTWARE' => 'Apache'
    'SERVER_NAME' => 'it-course.com'
    'SERVER_ADDR' => '127.0.0.1'
    'SERVER_PORT' => '80'
    'REMOTE_ADDR' => '127.0.0.1'
    'DOCUMENT_ROOT' => 'D:/OSPanel/domains/yiidiplom/web'
    'REQUEST_SCHEME' => 'http'
    'CONTEXT_PREFIX' => ''
    'CONTEXT_DOCUMENT_ROOT' => 'D:/OSPanel/domains/yiidiplom/web'
    'SERVER_ADMIN' => '[no address given]'
    'SCRIPT_FILENAME' => 'D:/OSPanel/domains/yiidiplom/web/index.php'
    'REMOTE_PORT' => '63215'
    'GATEWAY_INTERFACE' => 'CGI/1.1'
    'SERVER_PROTOCOL' => 'HTTP/1.1'
    'REQUEST_METHOD' => 'GET'
    'QUERY_STRING' => 'r=site%2Fentry'
    'REQUEST_URI' => '/index.php?r=site%2Fentry'
    'SCRIPT_NAME' => '/index.php'
    'PHP_SELF' => '/index.php'
    'REQUEST_TIME_FLOAT' => 1614940231.188
    'REQUEST_TIME' => 1614940231
    'argv' => [
        0 => 'r=site%2Fentry'
    ]
    'argc' => 1
]
2021-03-05 13:32:09 [127.0.0.1][-][b9l8d2p251ap1fvi9rpm223p34][error][yii\base\ErrorException:4] exception 'yii\base\ErrorException' with message 'syntax error, unexpected '=>' (T_DOUBLE_ARROW)' in D:\OSPanel\domains\yiidiplom\views\site\entry.php:12
Stack trace:
#0 [internal function]: yii\base\ErrorHandler->handleFatalError()
#1 {main}
2021-03-05 13:32:08 [127.0.0.1][-][b9l8d2p251ap1fvi9rpm223p34][info][application] $_GET = [
    'r' => 'site/entry'
]

$_POST = []

$_FILES = []

$_COOKIE = [
    'PHPSESSID' => 'b9l8d2p251ap1fvi9rpm223p34'
    '_csrf' => '8c153e81d4b9a3e42ad733d9f644a53afa0565a745f7bcc61225bdf003276c83a:2:{i:0;s:5:\"_csrf\";i:1;s:32:\"ANU2g_53-su9YuYvBTiCHE9meSXCtmIf\";}'
]

$_SESSION = [
    '__flash' => []
    '__captcha/site/captcha' => 'waqulu'
    '__captcha/site/captchacount' => 1
]

$_SERVER = [
    'HTTP_HOST' => 'it-course.com'
    'HTTP_CONNECTION' => 'keep-alive'
    'HTTP_CACHE_CONTROL' => 'max-age=0'
    'HTTP_UPGRADE_INSECURE_REQUESTS' => '1'
    'HTTP_USER_AGENT' => 'Mozilla/5.0 (Windows NT 10.0; Win64; x64) AppleWebKit/537.36 (KHTML, like Gecko) Chrome/88.0.4324.190 Safari/537.36'
    'HTTP_ACCEPT' => 'text/html,application/xhtml+xml,application/xml;q=0.9,image/avif,image/webp,image/apng,*/*;q=0.8,application/signed-exchange;v=b3;q=0.9'
    'HTTP_ACCEPT_ENCODING' => 'gzip, deflate'
    'HTTP_ACCEPT_LANGUAGE' => 'ru-RU,ru;q=0.9,en-US;q=0.8,en;q=0.7'
    'HTTP_COOKIE' => 'PHPSESSID=b9l8d2p251ap1fvi9rpm223p34; _csrf=8c153e81d4b9a3e42ad733d9f644a53afa0565a745f7bcc61225bdf003276c83a%3A2%3A%7Bi%3A0%3Bs%3A5%3A%22_csrf%22%3Bi%3A1%3Bs%3A32%3A%22ANU2g_53-su9YuYvBTiCHE9meSXCtmIf%22%3B%7D'
    'PATH' => 'd:\\ospanel\\modules\\php\\PHP_5.6\\ext;d:\\ospanel\\modules\\php\\PHP_5.6\\pear;d:\\ospanel\\modules\\php\\PHP_5.6\\pear\\bin;d:\\ospanel\\modules\\php\\PHP_5.6;d:\\ospanel\\modules\\wget\\bin;d:\\ospanel\\modules\\git;d:\\ospanel\\modules\\git\\bin;d:\\ospanel\\modules\\git\\mingw\\bin;d:\\ospanel\\modules\\git\\cmd;d:\\ospanel\\modules\\database\\MySQL-5.7\\bin;d:\\ospanel\\modules\\http\\Apache_2.4-PHP_5.5-5.6\\bin;d:\\ospanel\\modules\\http\\Apache_2.4-PHP_5.5-5.6;C:\\WINDOWS\\system32;C:\\WINDOWS;C:\\WINDOWS\\system32\\Wbem;C:\\WINDOWS\\SysWOW64'
    'SystemRoot' => 'C:\\WINDOWS'
    'COMSPEC' => 'C:\\WINDOWS\\system32\\cmd.exe'
    'PATHEXT' => '.COM;.EXE;.BAT;.CMD;.VBS;.VBE;.JS;.JSE;.WSF;.WSH;.MSC'
    'WINDIR' => 'C:\\WINDOWS'
    'SERVER_SIGNATURE' => ''
    'SERVER_SOFTWARE' => 'Apache'
    'SERVER_NAME' => 'it-course.com'
    'SERVER_ADDR' => '127.0.0.1'
    'SERVER_PORT' => '80'
    'REMOTE_ADDR' => '127.0.0.1'
    'DOCUMENT_ROOT' => 'D:/OSPanel/domains/yiidiplom/web'
    'REQUEST_SCHEME' => 'http'
    'CONTEXT_PREFIX' => ''
    'CONTEXT_DOCUMENT_ROOT' => 'D:/OSPanel/domains/yiidiplom/web'
    'SERVER_ADMIN' => '[no address given]'
    'SCRIPT_FILENAME' => 'D:/OSPanel/domains/yiidiplom/web/index.php'
    'REMOTE_PORT' => '63221'
    'GATEWAY_INTERFACE' => 'CGI/1.1'
    'SERVER_PROTOCOL' => 'HTTP/1.1'
    'REQUEST_METHOD' => 'GET'
    'QUERY_STRING' => 'r=site%2Fentry'
    'REQUEST_URI' => '/index.php?r=site%2Fentry'
    'SCRIPT_NAME' => '/index.php'
    'PHP_SELF' => '/index.php'
    'REQUEST_TIME_FLOAT' => 1614940328.941
    'REQUEST_TIME' => 1614940328
    'argv' => [
        0 => 'r=site%2Fentry'
    ]
    'argc' => 1
]
2021-03-05 13:32:15 [127.0.0.1][-][b9l8d2p251ap1fvi9rpm223p34][error][yii\base\ErrorException:4] exception 'yii\base\ErrorException' with message 'syntax error, unexpected '->' (T_OBJECT_OPERATOR)' in D:\OSPanel\domains\yiidiplom\views\site\entry.php:12
Stack trace:
#0 [internal function]: yii\base\ErrorHandler->handleFatalError()
#1 {main}
2021-03-05 13:32:15 [127.0.0.1][-][b9l8d2p251ap1fvi9rpm223p34][info][application] $_GET = [
    'r' => 'site/entry'
]

$_POST = []

$_FILES = []

$_COOKIE = [
    'PHPSESSID' => 'b9l8d2p251ap1fvi9rpm223p34'
    '_csrf' => '8c153e81d4b9a3e42ad733d9f644a53afa0565a745f7bcc61225bdf003276c83a:2:{i:0;s:5:\"_csrf\";i:1;s:32:\"ANU2g_53-su9YuYvBTiCHE9meSXCtmIf\";}'
]

$_SESSION = [
    '__flash' => []
    '__captcha/site/captcha' => 'waqulu'
    '__captcha/site/captchacount' => 1
]

$_SERVER = [
    'HTTP_HOST' => 'it-course.com'
    'HTTP_CONNECTION' => 'keep-alive'
    'HTTP_CACHE_CONTROL' => 'max-age=0'
    'HTTP_UPGRADE_INSECURE_REQUESTS' => '1'
    'HTTP_USER_AGENT' => 'Mozilla/5.0 (Windows NT 10.0; Win64; x64) AppleWebKit/537.36 (KHTML, like Gecko) Chrome/88.0.4324.190 Safari/537.36'
    'HTTP_ACCEPT' => 'text/html,application/xhtml+xml,application/xml;q=0.9,image/avif,image/webp,image/apng,*/*;q=0.8,application/signed-exchange;v=b3;q=0.9'
    'HTTP_ACCEPT_ENCODING' => 'gzip, deflate'
    'HTTP_ACCEPT_LANGUAGE' => 'ru-RU,ru;q=0.9,en-US;q=0.8,en;q=0.7'
    'HTTP_COOKIE' => 'PHPSESSID=b9l8d2p251ap1fvi9rpm223p34; _csrf=8c153e81d4b9a3e42ad733d9f644a53afa0565a745f7bcc61225bdf003276c83a%3A2%3A%7Bi%3A0%3Bs%3A5%3A%22_csrf%22%3Bi%3A1%3Bs%3A32%3A%22ANU2g_53-su9YuYvBTiCHE9meSXCtmIf%22%3B%7D'
    'PATH' => 'd:\\ospanel\\modules\\php\\PHP_5.6\\ext;d:\\ospanel\\modules\\php\\PHP_5.6\\pear;d:\\ospanel\\modules\\php\\PHP_5.6\\pear\\bin;d:\\ospanel\\modules\\php\\PHP_5.6;d:\\ospanel\\modules\\wget\\bin;d:\\ospanel\\modules\\git;d:\\ospanel\\modules\\git\\bin;d:\\ospanel\\modules\\git\\mingw\\bin;d:\\ospanel\\modules\\git\\cmd;d:\\ospanel\\modules\\database\\MySQL-5.7\\bin;d:\\ospanel\\modules\\http\\Apache_2.4-PHP_5.5-5.6\\bin;d:\\ospanel\\modules\\http\\Apache_2.4-PHP_5.5-5.6;C:\\WINDOWS\\system32;C:\\WINDOWS;C:\\WINDOWS\\system32\\Wbem;C:\\WINDOWS\\SysWOW64'
    'SystemRoot' => 'C:\\WINDOWS'
    'COMSPEC' => 'C:\\WINDOWS\\system32\\cmd.exe'
    'PATHEXT' => '.COM;.EXE;.BAT;.CMD;.VBS;.VBE;.JS;.JSE;.WSF;.WSH;.MSC'
    'WINDIR' => 'C:\\WINDOWS'
    'SERVER_SIGNATURE' => ''
    'SERVER_SOFTWARE' => 'Apache'
    'SERVER_NAME' => 'it-course.com'
    'SERVER_ADDR' => '127.0.0.1'
    'SERVER_PORT' => '80'
    'REMOTE_ADDR' => '127.0.0.1'
    'DOCUMENT_ROOT' => 'D:/OSPanel/domains/yiidiplom/web'
    'REQUEST_SCHEME' => 'http'
    'CONTEXT_PREFIX' => ''
    'CONTEXT_DOCUMENT_ROOT' => 'D:/OSPanel/domains/yiidiplom/web'
    'SERVER_ADMIN' => '[no address given]'
    'SCRIPT_FILENAME' => 'D:/OSPanel/domains/yiidiplom/web/index.php'
    'REMOTE_PORT' => '63223'
    'GATEWAY_INTERFACE' => 'CGI/1.1'
    'SERVER_PROTOCOL' => 'HTTP/1.1'
    'REQUEST_METHOD' => 'GET'
    'QUERY_STRING' => 'r=site%2Fentry'
    'REQUEST_URI' => '/index.php?r=site%2Fentry'
    'SCRIPT_NAME' => '/index.php'
    'PHP_SELF' => '/index.php'
    'REQUEST_TIME_FLOAT' => 1614940335.589
    'REQUEST_TIME' => 1614940335
    'argv' => [
        0 => 'r=site%2Fentry'
    ]
    'argc' => 1
]
2021-03-05 13:34:21 [127.0.0.1][-][b9l8d2p251ap1fvi9rpm223p34][error][yii\base\ErrorException:4] exception 'yii\base\ErrorException' with message 'syntax error, unexpected '=>' (T_DOUBLE_ARROW)' in D:\OSPanel\domains\yiidiplom\views\site\entry.php:12
Stack trace:
#0 [internal function]: yii\base\ErrorHandler->handleFatalError()
#1 {main}
2021-03-05 13:34:20 [127.0.0.1][-][b9l8d2p251ap1fvi9rpm223p34][info][application] $_GET = [
    'r' => 'site/entry'
]

$_POST = []

$_FILES = []

$_COOKIE = [
    'PHPSESSID' => 'b9l8d2p251ap1fvi9rpm223p34'
    '_csrf' => '8c153e81d4b9a3e42ad733d9f644a53afa0565a745f7bcc61225bdf003276c83a:2:{i:0;s:5:\"_csrf\";i:1;s:32:\"ANU2g_53-su9YuYvBTiCHE9meSXCtmIf\";}'
]

$_SESSION = [
    '__flash' => []
    '__captcha/site/captcha' => 'waqulu'
    '__captcha/site/captchacount' => 1
]

$_SERVER = [
    'HTTP_HOST' => 'it-course.com'
    'HTTP_CONNECTION' => 'keep-alive'
    'HTTP_CACHE_CONTROL' => 'max-age=0'
    'HTTP_UPGRADE_INSECURE_REQUESTS' => '1'
    'HTTP_USER_AGENT' => 'Mozilla/5.0 (Windows NT 10.0; Win64; x64) AppleWebKit/537.36 (KHTML, like Gecko) Chrome/88.0.4324.190 Safari/537.36'
    'HTTP_ACCEPT' => 'text/html,application/xhtml+xml,application/xml;q=0.9,image/avif,image/webp,image/apng,*/*;q=0.8,application/signed-exchange;v=b3;q=0.9'
    'HTTP_ACCEPT_ENCODING' => 'gzip, deflate'
    'HTTP_ACCEPT_LANGUAGE' => 'ru-RU,ru;q=0.9,en-US;q=0.8,en;q=0.7'
    'HTTP_COOKIE' => 'PHPSESSID=b9l8d2p251ap1fvi9rpm223p34; _csrf=8c153e81d4b9a3e42ad733d9f644a53afa0565a745f7bcc61225bdf003276c83a%3A2%3A%7Bi%3A0%3Bs%3A5%3A%22_csrf%22%3Bi%3A1%3Bs%3A32%3A%22ANU2g_53-su9YuYvBTiCHE9meSXCtmIf%22%3B%7D'
    'PATH' => 'd:\\ospanel\\modules\\php\\PHP_5.6\\ext;d:\\ospanel\\modules\\php\\PHP_5.6\\pear;d:\\ospanel\\modules\\php\\PHP_5.6\\pear\\bin;d:\\ospanel\\modules\\php\\PHP_5.6;d:\\ospanel\\modules\\wget\\bin;d:\\ospanel\\modules\\git;d:\\ospanel\\modules\\git\\bin;d:\\ospanel\\modules\\git\\mingw\\bin;d:\\ospanel\\modules\\git\\cmd;d:\\ospanel\\modules\\database\\MySQL-5.7\\bin;d:\\ospanel\\modules\\http\\Apache_2.4-PHP_5.5-5.6\\bin;d:\\ospanel\\modules\\http\\Apache_2.4-PHP_5.5-5.6;C:\\WINDOWS\\system32;C:\\WINDOWS;C:\\WINDOWS\\system32\\Wbem;C:\\WINDOWS\\SysWOW64'
    'SystemRoot' => 'C:\\WINDOWS'
    'COMSPEC' => 'C:\\WINDOWS\\system32\\cmd.exe'
    'PATHEXT' => '.COM;.EXE;.BAT;.CMD;.VBS;.VBE;.JS;.JSE;.WSF;.WSH;.MSC'
    'WINDIR' => 'C:\\WINDOWS'
    'SERVER_SIGNATURE' => ''
    'SERVER_SOFTWARE' => 'Apache'
    'SERVER_NAME' => 'it-course.com'
    'SERVER_ADDR' => '127.0.0.1'
    'SERVER_PORT' => '80'
    'REMOTE_ADDR' => '127.0.0.1'
    'DOCUMENT_ROOT' => 'D:/OSPanel/domains/yiidiplom/web'
    'REQUEST_SCHEME' => 'http'
    'CONTEXT_PREFIX' => ''
    'CONTEXT_DOCUMENT_ROOT' => 'D:/OSPanel/domains/yiidiplom/web'
    'SERVER_ADMIN' => '[no address given]'
    'SCRIPT_FILENAME' => 'D:/OSPanel/domains/yiidiplom/web/index.php'
    'REMOTE_PORT' => '63250'
    'GATEWAY_INTERFACE' => 'CGI/1.1'
    'SERVER_PROTOCOL' => 'HTTP/1.1'
    'REQUEST_METHOD' => 'GET'
    'QUERY_STRING' => 'r=site%2Fentry'
    'REQUEST_URI' => '/index.php?r=site%2Fentry'
    'SCRIPT_NAME' => '/index.php'
    'PHP_SELF' => '/index.php'
    'REQUEST_TIME_FLOAT' => 1614940460.919
    'REQUEST_TIME' => 1614940460
    'argv' => [
        0 => 'r=site%2Fentry'
    ]
    'argc' => 1
]
